-------------------------------------------------------------------------------
Test set: integration.CustomerRegistryTest
-------------------------------------------------------------------------------
Tests run: 3, Failures: 0, Errors: 1, Skipped: 0, Time elapsed: 0.075 s <<< FAILURE! -- in integration.CustomerRegistryTest
integration.CustomerRegistryTest.testFindCustomerReturnsCustomer -- Time elapsed: 0.007 s <<< ERROR!
integration.CustomerNotFoundException: No customer found with phone number: 123
	at integration.CustomerRegistry.findCustomer(CustomerRegistry.java:28)
	at integration.CustomerRegistryTest.testFindCustomerReturnsCustomer(CustomerRegistryTest.java:40)
	at java.base/java.lang.reflect.Method.invoke(Method.java:569)
	at java.base/java.util.ArrayList.forEach(ArrayList.java:1511)
	at java.base/java.util.ArrayList.forEach(ArrayList.java:1511)

