<?xml version="1.0" encoding="UTF-8"?>
<testsuite xmlns:xsi="http://www.w3.org/2001/XMLSchema-instance" xsi:noNamespaceSchemaLocation="https://maven.apache.org/surefire/maven-surefire-plugin/xsd/surefire-test-report-3.0.xsd" version="3.0" name="integration.PrinterTest" time="0.074" tests="1" errors="0" skipped="0" failures="0">
  <properties>
[...]
</properties>
  <testcase name="testPrintReceiptDoesNotCrash" classname="integration.PrinterTest" time="0.044">
    <system-out><![CDATA[=== RECEIPT ===
Order 1 customer: Test (a@b.com, 1) bike: Brand Model 1 problem: Problem state: CREATED
]]></system-out>
  </testcase>
</testsuite>